Determining if the pthread_create exist failed with the following output:
Change Dir: /home/yk/work/kcpev/build/CMakeFiles/CMakeTmp

Run Build Command:"/usr/bin/make" "cmTC_9423a/fast"
/usr/bin/make -f CMakeFiles/cmTC_9423a.dir/build.make CMakeFiles/cmTC_9423a.dir/build
make[1]: Entering directory '/home/yk/work/kcpev/build/CMakeFiles/CMakeTmp'
Building C object CMakeFiles/cmTC_9423a.dir/CheckSymbolExists.c.o
/usr/bin/cc    -o CMakeFiles/cmTC_9423a.dir/CheckSymbolExists.c.o   -c /home/yk/work/kcpev/build/CMakeFiles/CMakeTmp/CheckSymbolExists.c
Linking C executable cmTC_9423a
/usr/local/bin/cmake -E cmake_link_script CMakeFiles/cmTC_9423a.dir/link.txt --verbose=1
/usr/bin/cc      -rdynamic CMakeFiles/cmTC_9423a.dir/CheckSymbolExists.c.o  -o cmTC_9423a 
CMakeFiles/cmTC_9423a.dir/CheckSymbolExists.c.o：在函数‘main’中：
CheckSymbolExists.c:(.text+0x16)：对‘pthread_create’未定义的引用
collect2: error: ld returned 1 exit status
CMakeFiles/cmTC_9423a.dir/build.make:86: recipe for target 'cmTC_9423a' failed
make[1]: *** [cmTC_9423a] Error 1
make[1]: Leaving directory '/home/yk/work/kcpev/build/CMakeFiles/CMakeTmp'
Makefile:121: recipe for target 'cmTC_9423a/fast' failed
make: *** [cmTC_9423a/fast] Error 2

File /home/yk/work/kcpev/build/CMakeFiles/CMakeTmp/CheckSymbolExists.c:
/* */
#include <pthread.h>

int main(int argc, char** argv)
{
  (void)argv;
#ifndef pthread_create
  return ((int*)(&pthread_create))[argc];
#else
  (void)argc;
  return 0;
#endif
}

Determining if the function pthread_create exists in the pthreads failed with the following output:
Change Dir: /home/yk/work/kcpev/build/CMakeFiles/CMakeTmp

Run Build Command:"/usr/bin/make" "cmTC_5d5c7/fast"
/usr/bin/make -f CMakeFiles/cmTC_5d5c7.dir/build.make CMakeFiles/cmTC_5d5c7.dir/build
make[1]: Entering directory '/home/yk/work/kcpev/build/CMakeFiles/CMakeTmp'
Building C object CMakeFiles/cmTC_5d5c7.dir/CheckFunctionExists.c.o
/usr/bin/cc   -DCHECK_FUNCTION_EXISTS=pthread_create   -o CMakeFiles/cmTC_5d5c7.dir/CheckFunctionExists.c.o   -c /usr/local/share/cmake-3.12/Modules/CheckFunctionExists.c
Linking C executable cmTC_5d5c7
/usr/local/bin/cmake -E cmake_link_script CMakeFiles/cmTC_5d5c7.dir/link.txt --verbose=1
/usr/bin/cc  -DCHECK_FUNCTION_EXISTS=pthread_create    -rdynamic CMakeFiles/cmTC_5d5c7.dir/CheckFunctionExists.c.o  -o cmTC_5d5c7 -lpthreads 
/usr/bin/ld: 找不到 -lpthreads
collect2: error: ld returned 1 exit status
CMakeFiles/cmTC_5d5c7.dir/build.make:86: recipe for target 'cmTC_5d5c7' failed
make[1]: *** [cmTC_5d5c7] Error 1
make[1]: Leaving directory '/home/yk/work/kcpev/build/CMakeFiles/CMakeTmp'
Makefile:121: recipe for target 'cmTC_5d5c7/fast' failed
make: *** [cmTC_5d5c7/fast] Error 2


